<?xml version="1.0" encoding="UTF-8"?>
<!-- Generated by org.testng.reporters.JUnitXMLReporter -->
<testsuite ignored="0" hostname="DESKTOP-1GV7ETQ" failures="0" tests="7" name="Default test" time="3.275" errors="0" timestamp="2025-10-05T23:21:35 MSK">
  <testcase classname="MyTestCases" name="ChekTheEnglishLanguageIsDefult" time="0.04"/>
  <testcase classname="MyTestCases" name="CheckTheDefaultCurrencyIsSAR" time="0.053"/>
  <testcase classname="MyTestCases" name="CheckContactNumber" time="0.022"/>
  <testcase classname="MyTestCases" name="CheckQitafLogoIsThereInTheFooter" time="0.031"/>
  <testcase classname="MyTestCases" name="CheckHotelTabIsNotSelected" time="0.022"/>
  <testcase classname="MyTestCases" name="CheckDepartureDate" time="0.038"/>
  <testcase classname="MyTestCases" name="CheckReturnDate" time="0.025"/>
</testsuite> <!-- Default test -->
