<?xml version="1.0" encoding="UTF-8"?>
<!-- Generated by org.testng.reporters.JUnitXMLReporter -->
<testsuite ignored="0" hostname="DESKTOP-1GV7ETQ" failures="0" tests="8" name="Default test" time="5.463" errors="0" timestamp="2025-10-05T23:51:57 MSK">
  <testcase classname="MyTestCases" name="ChekTheEnglishLanguageIsDefult" time="0.035"/>
  <testcase classname="MyTestCases" name="CheckTheDefaultCurrencyIsSAR" time="0.03"/>
  <testcase classname="MyTestCases" name="CheckContactNumber" time="0.027"/>
  <testcase classname="MyTestCases" name="CheckQitafLogoIsThereInTheFooter" time="0.051"/>
  <testcase classname="MyTestCases" name="CheckHotelTabIsNotSelected" time="0.059"/>
  <testcase classname="MyTestCases" name="CheckDepartureDate" time="0.053"/>
  <testcase classname="MyTestCases" name="CheckReturnDate" time="0.027"/>
  <testcase classname="MyTestCases" name="RandomlyChangeTheLanguage" time="1.665"/>
</testsuite> <!-- Default test -->
