<?xml version="1.0" encoding="UTF-8"?>
<testng-results ignored="0" total="8" passed="8" failed="0" skipped="0">
  <reporter-output>
  </reporter-output>
  <suite started-at="2025-10-08T13:25:57 MSK" name="Default suite" finished-at="2025-10-08T13:26:08 MSK" duration-ms="10454">
    <groups>
    </groups>
    <test started-at="2025-10-08T13:25:57 MSK" name="Default test" finished-at="2025-10-08T13:26:08 MSK" duration-ms="10454">
      <class name="MyTestCases">
        <test-method is-config="true" signature="mySetup()[pri:0, instance:MyTestCases@5629510]" started-at="2025-10-08T13:25:57 MSK" name="mySetup" finished-at="2025-10-08T13:26:03 MSK" duration-ms="5601" status="PASS">
          <reporter-output>
          </reporter-output>
        </test-method> <!-- mySetup -->
        <test-method signature="ChekTheEnglishLanguageIsDefult()[pri:1, instance:MyTestCases@5629510]" started-at="2025-10-08T13:26:03 MSK" name="ChekTheEnglishLanguageIsDefult" finished-at="2025-10-08T13:26:03 MSK" duration-ms="59" status="PASS">
          <reporter-output>
          </reporter-output>
        </test-method> <!-- ChekTheEnglishLanguageIsDefult -->
        <test-method signature="CheckTheDefaultCurrencyIsSAR()[pri:2, instance:MyTestCases@5629510]" started-at="2025-10-08T13:26:03 MSK" name="CheckTheDefaultCurrencyIsSAR" finished-at="2025-10-08T13:26:03 MSK" duration-ms="338" status="PASS">
          <reporter-output>
          </reporter-output>
        </test-method> <!-- CheckTheDefaultCurrencyIsSAR -->
        <test-method signature="CheckContactNumber()[pri:3, instance:MyTestCases@5629510]" started-at="2025-10-08T13:26:03 MSK" name="CheckContactNumber" finished-at="2025-10-08T13:26:05 MSK" duration-ms="1248" status="PASS">
          <reporter-output>
          </reporter-output>
        </test-method> <!-- CheckContactNumber -->
        <test-method signature="CheckQitafLogoIsThereInTheFooter()[pri:4, instance:MyTestCases@5629510]" started-at="2025-10-08T13:26:05 MSK" name="CheckQitafLogoIsThereInTheFooter" finished-at="2025-10-08T13:26:05 MSK" duration-ms="365" status="PASS">
          <reporter-output>
          </reporter-output>
        </test-method> <!-- CheckQitafLogoIsThereInTheFooter -->
        <test-method signature="CheckHotelTabIsNotSelected()[pri:5, instance:MyTestCases@5629510]" started-at="2025-10-08T13:26:05 MSK" name="CheckHotelTabIsNotSelected" finished-at="2025-10-08T13:26:05 MSK" duration-ms="42" status="PASS">
          <reporter-output>
          </reporter-output>
        </test-method> <!-- CheckHotelTabIsNotSelected -->
        <test-method signature="CheckDepartureDate()[pri:6, instance:MyTestCases@5629510]" started-at="2025-10-08T13:26:05 MSK" name="CheckDepartureDate" finished-at="2025-10-08T13:26:05 MSK" duration-ms="63" status="PASS">
          <reporter-output>
          </reporter-output>
        </test-method> <!-- CheckDepartureDate -->
        <test-method signature="CheckReturnDate()[pri:7, instance:MyTestCases@5629510]" started-at="2025-10-08T13:26:05 MSK" name="CheckReturnDate" finished-at="2025-10-08T13:26:05 MSK" duration-ms="26" status="PASS">
          <reporter-output>
          </reporter-output>
        </test-method> <!-- CheckReturnDate -->
        <test-method signature="RandomlyChangeTheLanguage()[pri:8, instance:MyTestCases@5629510]" started-at="2025-10-08T13:26:05 MSK" name="RandomlyChangeTheLanguage" finished-at="2025-10-08T13:26:08 MSK" duration-ms="2644" status="PASS">
          <reporter-output>
          </reporter-output>
        </test-method> <!-- RandomlyChangeTheLanguage -->
      </class> <!-- MyTestCases -->
    </test> <!-- Default test -->
  </suite> <!-- Default suite -->
</testng-results>
