<?xml version="1.0" encoding="UTF-8"?>
<testng-results ignored="0" total="4" passed="4" failed="0" skipped="0">
  <reporter-output>
  </reporter-output>
  <suite started-at="2025-10-04T20:30:38 MSK" name="Default suite" finished-at="2025-10-04T20:30:42 MSK" duration-ms="3719">
    <groups>
    </groups>
    <test started-at="2025-10-04T20:30:38 MSK" name="Default test" finished-at="2025-10-04T20:30:42 MSK" duration-ms="3719">
      <class name="MyTestCases">
        <test-method is-config="true" signature="mySetup()[pri:0, instance:MyTestCases@74eb909f]" started-at="2025-10-04T20:30:38 MSK" name="mySetup" finished-at="2025-10-04T20:30:41 MSK" duration-ms="3535" status="PASS">
          <reporter-output>
          </reporter-output>
        </test-method> <!-- mySetup -->
        <test-method signature="ChekTheEnglishLanguageIsDefult()[pri:1, instance:MyTestCases@74eb909f]" started-at="2025-10-04T20:30:41 MSK" name="ChekTheEnglishLanguageIsDefult" finished-at="2025-10-04T20:30:41 MSK" duration-ms="55" status="PASS">
          <reporter-output>
          </reporter-output>
        </test-method> <!-- ChekTheEnglishLanguageIsDefult -->
        <test-method signature="CheckTheDefaultCurrencyIsSAR()[pri:2, instance:MyTestCases@74eb909f]" started-at="2025-10-04T20:30:41 MSK" name="CheckTheDefaultCurrencyIsSAR" finished-at="2025-10-04T20:30:41 MSK" duration-ms="42" status="PASS">
          <reporter-output>
          </reporter-output>
        </test-method> <!-- CheckTheDefaultCurrencyIsSAR -->
        <test-method signature="CheckContactNumber()[pri:3, instance:MyTestCases@74eb909f]" started-at="2025-10-04T20:30:41 MSK" name="CheckContactNumber" finished-at="2025-10-04T20:30:42 MSK" duration-ms="22" status="PASS">
          <reporter-output>
          </reporter-output>
        </test-method> <!-- CheckContactNumber -->
        <test-method signature="ChechQitafLogoIsThereInTheFooter()[pri:4, instance:MyTestCases@74eb909f]" started-at="2025-10-04T20:30:42 MSK" name="ChechQitafLogoIsThereInTheFooter" finished-at="2025-10-04T20:30:42 MSK" duration-ms="24" status="PASS">
          <reporter-output>
          </reporter-output>
        </test-method> <!-- ChechQitafLogoIsThereInTheFooter -->
      </class> <!-- MyTestCases -->
    </test> <!-- Default test -->
  </suite> <!-- Default suite -->
</testng-results>
